[debug] [2021-05-12T14:32:58.103Z] ----------------------------------------------------------------------
[debug] [2021-05-12T14:32:58.104Z] Command:       /usr/local/bin/node /usr/local/bin/firebase init tooks
[debug] [2021-05-12T14:32:58.105Z] CLI Version:   9.10.2
[debug] [2021-05-12T14:32:58.105Z] Platform:      darwin
[debug] [2021-05-12T14:32:58.105Z] Node Version:  v14.16.0
[debug] [2021-05-12T14:32:58.105Z] Time:          Wed May 12 2021 10:32:58 GMT-0400 (Eastern Daylight Time)
[debug] [2021-05-12T14:32:58.105Z] ----------------------------------------------------------------------
[debug] 
[debug] [2021-05-12T14:32:58.109Z] >>> [apiv2][query] GET https://firebase-public.firebaseio.com/cli.json [none]
[debug] [2021-05-12T14:32:58.127Z] > command requires scopes: ["email","openid","https://www.googleapis.com/auth/cloudplatformprojects.readonly","https://www.googleapis.com/auth/firebase","https://www.googleapis.com/auth/cloud-platform"]
[debug] [2021-05-12T14:32:58.127Z] > authorizing via signed-in user (nicole.allen679@gmail.com)
[info] 
     ######## #### ########  ######## ########     ###     ######  ########
     ##        ##  ##     ## ##       ##     ##  ##   ##  ##       ##
     ######    ##  ########  ######   ########  #########  ######  ######
     ##        ##  ##    ##  ##       ##     ## ##     ##       ## ##
     ##       #### ##     ## ######## ########  ##     ##  ######  ########

You're about to initialize a Firebase project in this directory:

  /Users/nicoleallen/code/xchange

Before we get started, keep in mind:

  * You are initializing in an existing Firebase project directory

[info] 
=== Project Setup
[info] 
[info] First, let's associate this project directory with a Firebase project.
[info] You can create multiple project aliases by running firebase use --add, 
[info] but for now we'll just set up a default project.
[info] 
[info] i  .firebaserc already has a default project, using xchange-1909-web. 
[debug] [2021-05-12T14:32:58.131Z] > refreshing access token with scopes: []
[debug] [2021-05-12T14:32:58.132Z] >>> HTTP REQUEST POST https://www.googleapis.com/oauth2/v3/token  
 <request body omitted>
[debug] [2021-05-12T14:32:58.291Z] <<< HTTP RESPONSE 200 {"cache-control":"no-cache, no-store, max-age=0, must-revalidate","pragma":"no-cache","expires":"Mon, 01 Jan 1990 00:00:00 GMT","date":"Wed, 12 May 2021 14:32:58 GMT","content-type":"application/json; charset=utf-8","vary":"X-Origin, Referer, Origin,Accept-Encoding","server":"scaffolding on HTTPServer2","x-xss-protection":"0","x-frame-options":"SAMEORIGIN","x-content-type-options":"nosniff","alt-svc":"h3-29=\":443\"; ma=2592000,h3-T051=\":443\"; ma=2592000,h3-Q050=\":443\"; ma=2592000,h3-Q046=\":443\"; ma=2592000,h3-Q043=\":443\"; ma=2592000,quic=\":443\"; ma=2592000; v=\"46,43\"","accept-ranges":"none","transfer-encoding":"chunked"}
[debug] [2021-05-12T14:32:58.335Z] >>> [apiv2][query] GET https://firebase.googleapis.com/v1beta1/projects/xchange-1909-web [none]
[debug] [2021-05-12T14:32:58.626Z] <<< [apiv2][status] GET https://firebase-public.firebaseio.com/cli.json 200
[debug] [2021-05-12T14:32:58.627Z] <<< [apiv2][body] GET https://firebase-public.firebaseio.com/cli.json {"cloudBuildErrorAfter":1594252800000,"cloudBuildWarnAfter":1590019200000,"defaultNode10After":1594252800000,"minVersion":"3.0.5","node8DeploysDisabledAfter":1613390400000,"node8RuntimeDisabledAfter":1615809600000,"node8WarnAfter":1600128000000}
[debug] [2021-05-12T14:32:59.184Z] <<< [apiv2][status] GET https://firebase.googleapis.com/v1beta1/projects/xchange-1909-web 403
[debug] [2021-05-12T14:32:59.184Z] <<< [apiv2][body] GET https://firebase.googleapis.com/v1beta1/projects/xchange-1909-web {"error":{"code":403,"message":"The caller does not have permission","status":"PERMISSION_DENIED"}}
[debug] [2021-05-12T14:32:59.187Z] HTTP Error: 403, The caller does not have permission
[debug] [2021-05-12T14:33:00.375Z] FirebaseError: HTTP Error: 403, The caller does not have permission
    at module.exports (/usr/local/lib/node_modules/firebase-tools/lib/responseToError.js:38:12)
    at Client.doRequest (/usr/local/lib/node_modules/firebase-tools/lib/apiv2.js:238:23)
    at processTicksAndRejections (internal/process/task_queues.js:93:5)
    at async Client.request (/usr/local/lib/node_modules/firebase-tools/lib/apiv2.js:96:20)
    at async Object.getFirebaseProject (/usr/local/lib/node_modules/firebase-tools/lib/management/projects.js:290:21)
    at async Object.doSetup [as project] (/usr/local/lib/node_modules/firebase-tools/lib/init/features/project.js:77:27)
    at async init (/usr/local/lib/node_modules/firebase-tools/lib/init/index.js:19:9)
[error] 
[error] Error: Failed to get Firebase project xchange-1909-web. Please make sure the project exists and your account has permission to access it.
